<?xml version="1.0" encoding="UTF-8"?>
<testsuite xmlns:xsi="http://www.w3.org/2001/XMLSchema-instance" xsi:noNamespaceSchemaLocation="https://maven.apache.org/surefire/maven-surefire-plugin/xsd/surefire-test-report-3.0.xsd" version="3.0" name="com.example.odev.OdevApplicationTests" time="15.88" tests="1" errors="0" skipped="0" failures="0">
  <properties>
[...]
</properties>
  <testcase name="contextLoads" classname="com.example.odev.OdevApplicationTests" time="0.849">
    <system-out><![CDATA[10:17:58.627 [main] INFO org.springframework.test.context.support.AnnotationConfigContextLoaderUtils -- Could not detect default configuration classes for test class [com.example.odev.OdevApplicationTests]: OdevApplicationTests does not declare any static, non-private, non-final, nested classes annotated with @Configuration.
10:17:58.841 [main] INFO org.springframework.boot.test.context.SpringBootTestContextBootstrapper -- Found @SpringBootConfiguration com.example.odev.OdevApplication for test class com.example.odev.OdevApplicationTests

  .   ____          _            __ _ _
 /\\ / ___'_ __ _ _(_)_ __  __ _ \ \ \ \
( ( )\___ | '_ | '_| | '_ \/ _` | \ \ \ \
 \\/  ___)| |_)| | | | | || (_| |  ) ) ) )
  '  |____| .__|_| |_|_| |_\__, | / / / /
 =========|_|==============|___/=/_/_/_/
 :: Spring Boot ::                (v3.2.0)

2024-05-29T10:17:59.683+03:00  INFO 7868 --- [           main] com.example.odev.OdevApplicationTests    : Starting OdevApplicationTests using Java 17.0.4.1 with PID 7868 (started by Pinsoft in C:\WalletDemo\wallet-demo)
2024-05-29T10:17:59.686+03:00  INFO 7868 --- [           main] com.example.odev.OdevApplicationTests    : No active profile set, falling back to 1 default profile: "default"
2024-05-29T10:18:01.310+03:00  INFO 7868 --- [           main] .s.d.r.c.RepositoryConfigurationDelegate : Bootstrapping Spring Data JPA repositories in DEFAULT mode.
2024-05-29T10:18:01.464+03:00  INFO 7868 --- [           main] .s.d.r.c.RepositoryConfigurationDelegate : Finished Spring Data repository scanning in 125 ms. Found 2 JPA repository interfaces.
2024-05-29T10:18:02.450+03:00  INFO 7868 --- [           main] com.zaxxer.hikari.HikariDataSource       : HikariPool-1 - Starting...
2024-05-29T10:18:04.141+03:00  INFO 7868 --- [           main] com.zaxxer.hikari.pool.HikariPool        : HikariPool-1 - Added connection org.postgresql.jdbc.PgConnection@45037e16
2024-05-29T10:18:04.144+03:00  INFO 7868 --- [           main] com.zaxxer.hikari.HikariDataSource       : HikariPool-1 - Start completed.
2024-05-29T10:18:05.085+03:00  INFO 7868 --- [           main] liquibase.database                       : Set default schema name to public
2024-05-29T10:18:06.335+03:00  INFO 7868 --- [           main] liquibase.changelog                      : Reading from public.databasechangelog
Database is up to date, no changesets to execute
2024-05-29T10:18:06.946+03:00  INFO 7868 --- [           main] liquibase.changelog                      : Reading from public.databasechangelog
2024-05-29T10:18:07.031+03:00  INFO 7868 --- [           main] liquibase.util                           : UPDATE SUMMARY
2024-05-29T10:18:07.032+03:00  INFO 7868 --- [           main] liquibase.util                           : Run:                          0
2024-05-29T10:18:07.032+03:00  INFO 7868 --- [           main] liquibase.util                           : Previously run:               3
2024-05-29T10:18:07.032+03:00  INFO 7868 --- [           main] liquibase.util                           : Filtered out:                 0
2024-05-29T10:18:07.032+03:00  INFO 7868 --- [           main] liquibase.util                           : -------------------------------
2024-05-29T10:18:07.032+03:00  INFO 7868 --- [           main] liquibase.util                           : Total change sets:            3
2024-05-29T10:18:07.033+03:00  INFO 7868 --- [           main] liquibase.util                           : Update summary generated
2024-05-29T10:18:07.354+03:00  INFO 7868 --- [           main] liquibase.lockservice                    : Successfully released change log lock
2024-05-29T10:18:07.409+03:00  INFO 7868 --- [           main] liquibase.command                        : Command execution complete
2024-05-29T10:18:07.701+03:00  INFO 7868 --- [           main] o.hibernate.jpa.internal.util.LogHelper  : HHH000204: Processing PersistenceUnitInfo [name: default]
2024-05-29T10:18:07.899+03:00  INFO 7868 --- [           main] org.hibernate.Version                    : HHH000412: Hibernate ORM core version 6.3.1.Final
2024-05-29T10:18:08.027+03:00  INFO 7868 --- [           main] o.h.c.internal.RegionFactoryInitiator    : HHH000026: Second-level cache disabled
2024-05-29T10:18:08.683+03:00  INFO 7868 --- [           main] o.s.o.j.p.SpringPersistenceUnitInfo      : No LoadTimeWeaver setup: ignoring JPA class transformer
2024-05-29T10:18:08.833+03:00  WARN 7868 --- [           main] org.hibernate.orm.deprecation            : HHH90000025: PostgreSQLDialect does not need to be specified explicitly using 'hibernate.dialect' (remove the property setting and it will be selected by default)
2024-05-29T10:18:10.353+03:00  INFO 7868 --- [           main] o.h.e.t.j.p.i.JtaPlatformInitiator       : HHH000489: No JTA platform available (set 'hibernate.transaction.jta.platform' to enable JTA platform integration)
2024-05-29T10:18:10.733+03:00  INFO 7868 --- [           main] j.LocalContainerEntityManagerFactoryBean : Initialized JPA EntityManagerFactory for persistence unit 'default'
2024-05-29T10:18:11.771+03:00  WARN 7868 --- [           main] JpaBaseConfiguration$JpaWebConfiguration : spring.jpa.open-in-view is enabled by default. Therefore, database queries may be performed during view rendering. Explicitly configure spring.jpa.open-in-view to disable this warning
2024-05-29T10:18:11.811+03:00  WARN 7868 --- [           main] .s.s.UserDetailsServiceAutoConfiguration : 

Using generated security password: e5b36647-52c3-40b0-825d-e89ac0471341

This generated password is for development use only. Your security configuration must be updated before running your application in production.

2024-05-29T10:18:12.530+03:00  INFO 7868 --- [           main] o.s.s.web.DefaultSecurityFilterChain     : Will secure any request with [org.springframework.security.web.session.DisableEncodeUrlFilter@12a0f131, org.springframework.security.web.context.request.async.WebAsyncManagerIntegrationFilter@4eff65ce, org.springframework.security.web.context.SecurityContextHolderFilter@65595be7, org.springframework.security.web.header.HeaderWriterFilter@4ec1192f, org.springframework.security.web.authentication.logout.LogoutFilter@4602fa2f, org.springframework.security.web.savedrequest.RequestCacheAwareFilter@3bea7134, org.springframework.security.web.servletapi.SecurityContextHolderAwareRequestFilter@10c95d9b, org.springframework.security.web.authentication.AnonymousAuthenticationFilter@2138386f, org.springframework.security.web.access.ExceptionTranslationFilter@6cfa20c1, org.springframework.security.web.access.intercept.AuthorizationFilter@2f2e75ae]
2024-05-29T10:18:13.302+03:00  INFO 7868 --- [           main] com.example.odev.OdevApplicationTests    : Started OdevApplicationTests in 14.155 seconds (process running for 16.029)
]]></system-out>
  </testcase>
</testsuite>